Performing C++ SOURCE FILE Test COMPILER_SUPPORT_Wshorten64to32 failed with the following output:
Change Dir: /mnt/c/projects/eigen/build/CMakeFiles/CMakeTmp

Run Build Command(s):/usr/bin/gmake -f Makefile cmTC_81a03/fast && /usr/bin/gmake  -f CMakeFiles/cmTC_81a03.dir/build.make CMakeFiles/cmTC_81a03.dir/build
gmake[1]: Entering directory '/mnt/c/projects/eigen/build/CMakeFiles/CMakeTmp'
Building CXX object CMakeFiles/cmTC_81a03.dir/src.cxx.o
/usr/bin/c++ -DCOMPILER_SUPPORT_Wshorten64to32  -pedantic -Wall -Wextra -Wundef -Wcast-align -Wchar-subscripts -Wnon-virtual-dtor -Wunused-local-typedefs -Wpointer-arith -Wwrite-strings -Wformat-security -Werror   -Wshorten-64-to-32 -o CMakeFiles/cmTC_81a03.dir/src.cxx.o -c /mnt/c/projects/eigen/build/CMakeFiles/CMakeTmp/src.cxx
c++: error: unrecognized command-line option '-Wshorten-64-to-32'
gmake[1]: *** [CMakeFiles/cmTC_81a03.dir/build.make:78: CMakeFiles/cmTC_81a03.dir/src.cxx.o] Error 1
gmake[1]: Leaving directory '/mnt/c/projects/eigen/build/CMakeFiles/CMakeTmp'
gmake: *** [Makefile:127: cmTC_81a03/fast] Error 2


Source file was:
int main() { return 0; }
Performing C++ SOURCE FILE Test COMPILER_SUPPORT_Wcpp11extensions failed with the following output:
Change Dir: /mnt/c/projects/eigen/build/CMakeFiles/CMakeTmp

Run Build Command(s):/usr/bin/gmake -f Makefile cmTC_f5692/fast && /usr/bin/gmake  -f CMakeFiles/cmTC_f5692.dir/build.make CMakeFiles/cmTC_f5692.dir/build
gmake[1]: Entering directory '/mnt/c/projects/eigen/build/CMakeFiles/CMakeTmp'
Building CXX object CMakeFiles/cmTC_f5692.dir/src.cxx.o
/usr/bin/c++ -DCOMPILER_SUPPORT_Wcpp11extensions  -pedantic -Wall -Wextra -Wundef -Wcast-align -Wchar-subscripts -Wnon-virtual-dtor -Wunused-local-typedefs -Wpointer-arith -Wwrite-strings -Wformat-security -Wlogical-op -Wenum-conversion -Werror   -Wc++11-extensions -o CMakeFiles/cmTC_f5692.dir/src.cxx.o -c /mnt/c/projects/eigen/build/CMakeFiles/CMakeTmp/src.cxx
c++: error: unrecognized command-line option '-Wc++11-extensions'; did you mean '-fms-extensions'?
gmake[1]: *** [CMakeFiles/cmTC_f5692.dir/build.make:78: CMakeFiles/cmTC_f5692.dir/src.cxx.o] Error 1
gmake[1]: Leaving directory '/mnt/c/projects/eigen/build/CMakeFiles/CMakeTmp'
gmake: *** [Makefile:127: cmTC_f5692/fast] Error 2


Source file was:
int main() { return 0; }
Performing C++ SOURCE FILE Test COMPILER_SUPPORT_wd981 failed with the following output:
Change Dir: /mnt/c/projects/eigen/build/CMakeFiles/CMakeTmp

Run Build Command(s):/usr/bin/gmake -f Makefile cmTC_6a2ba/fast && /usr/bin/gmake  -f CMakeFiles/cmTC_6a2ba.dir/build.make CMakeFiles/cmTC_6a2ba.dir/build
gmake[1]: Entering directory '/mnt/c/projects/eigen/build/CMakeFiles/CMakeTmp'
Building CXX object CMakeFiles/cmTC_6a2ba.dir/src.cxx.o
/usr/bin/c++ -DCOMPILER_SUPPORT_wd981  -pedantic -Wall -Wextra -Wundef -Wcast-align -Wchar-subscripts -Wnon-virtual-dtor -Wunused-local-typedefs -Wpointer-arith -Wwrite-strings -Wformat-security -Wlogical-op -Wenum-conversion -Wdouble-promotion -Wno-psabi -Wno-variadic-macros -Wno-long-long -fno-check-new -fno-common -fstrict-aliasing -Werror   -wd981 -o CMakeFiles/cmTC_6a2ba.dir/src.cxx.o -c /mnt/c/projects/eigen/build/CMakeFiles/CMakeTmp/src.cxx
c++: error: unrecognized command-line option '-wd981'
gmake[1]: *** [CMakeFiles/cmTC_6a2ba.dir/build.make:78: CMakeFiles/cmTC_6a2ba.dir/src.cxx.o] Error 1
gmake[1]: Leaving directory '/mnt/c/projects/eigen/build/CMakeFiles/CMakeTmp'
gmake: *** [Makefile:127: cmTC_6a2ba/fast] Error 2


Source file was:
int main() { return 0; }
Performing C++ SOURCE FILE Test COMPILER_SUPPORT_wd2304 failed with the following output:
Change Dir: /mnt/c/projects/eigen/build/CMakeFiles/CMakeTmp

Run Build Command(s):/usr/bin/gmake -f Makefile cmTC_9031f/fast && /usr/bin/gmake  -f CMakeFiles/cmTC_9031f.dir/build.make CMakeFiles/cmTC_9031f.dir/build
gmake[1]: Entering directory '/mnt/c/projects/eigen/build/CMakeFiles/CMakeTmp'
Building CXX object CMakeFiles/cmTC_9031f.dir/src.cxx.o
/usr/bin/c++ -DCOMPILER_SUPPORT_wd2304  -pedantic -Wall -Wextra -Wundef -Wcast-align -Wchar-subscripts -Wnon-virtual-dtor -Wunused-local-typedefs -Wpointer-arith -Wwrite-strings -Wformat-security -Wlogical-op -Wenum-conversion -Wdouble-promotion -Wno-psabi -Wno-variadic-macros -Wno-long-long -fno-check-new -fno-common -fstrict-aliasing -Werror   -wd2304 -o CMakeFiles/cmTC_9031f.dir/src.cxx.o -c /mnt/c/projects/eigen/build/CMakeFiles/CMakeTmp/src.cxx
c++: error: unrecognized command-line option '-wd2304'
gmake[1]: *** [CMakeFiles/cmTC_9031f.dir/build.make:78: CMakeFiles/cmTC_9031f.dir/src.cxx.o] Error 1
gmake[1]: Leaving directory '/mnt/c/projects/eigen/build/CMakeFiles/CMakeTmp'
gmake: *** [Makefile:127: cmTC_9031f/fast] Error 2


Source file was:
int main() { return 0; }
Performing C++ SOURCE FILE Test COMPILER_SUPPORT_STRICTANSI failed with the following output:
Change Dir: /mnt/c/projects/eigen/build/CMakeFiles/CMakeTmp

Run Build Command(s):/usr/bin/gmake -f Makefile cmTC_fa1bb/fast && /usr/bin/gmake  -f CMakeFiles/cmTC_fa1bb.dir/build.make CMakeFiles/cmTC_fa1bb.dir/build
gmake[1]: Entering directory '/mnt/c/projects/eigen/build/CMakeFiles/CMakeTmp'
Building CXX object CMakeFiles/cmTC_fa1bb.dir/src.cxx.o
/usr/bin/c++ -DCOMPILER_SUPPORT_STRICTANSI  -pedantic -Wall -Wextra -Wundef -Wcast-align -Wchar-subscripts -Wnon-virtual-dtor -Wunused-local-typedefs -Wpointer-arith -Wwrite-strings -Wformat-security -Wlogical-op -Wenum-conversion -Wdouble-promotion -Wno-psabi -Wno-variadic-macros -Wno-long-long -fno-check-new -fno-common -fstrict-aliasing -Werror   -strict-ansi -o CMakeFiles/cmTC_fa1bb.dir/src.cxx.o -c /mnt/c/projects/eigen/build/CMakeFiles/CMakeTmp/src.cxx
c++: error: unrecognized command-line option '-strict-ansi'; did you mean '-fstrict-enums'?
gmake[1]: *** [CMakeFiles/cmTC_fa1bb.dir/build.make:78: CMakeFiles/cmTC_fa1bb.dir/src.cxx.o] Error 1
gmake[1]: Leaving directory '/mnt/c/projects/eigen/build/CMakeFiles/CMakeTmp'
gmake: *** [Makefile:127: cmTC_fa1bb/fast] Error 2


Source file was:
int main() { return 0; }
Performing C++ SOURCE FILE Test COMPILER_SUPPORT_Qunusedarguments failed with the following output:
Change Dir: /mnt/c/projects/eigen/build/CMakeFiles/CMakeTmp

Run Build Command(s):/usr/bin/gmake -f Makefile cmTC_374ad/fast && /usr/bin/gmake  -f CMakeFiles/cmTC_374ad.dir/build.make CMakeFiles/cmTC_374ad.dir/build
gmake[1]: Entering directory '/mnt/c/projects/eigen/build/CMakeFiles/CMakeTmp'
Building CXX object CMakeFiles/cmTC_374ad.dir/src.cxx.o
/usr/bin/c++ -DCOMPILER_SUPPORT_Qunusedarguments  -pedantic -Wall -Wextra -Wundef -Wcast-align -Wchar-subscripts -Wnon-virtual-dtor -Wunused-local-typedefs -Wpointer-arith -Wwrite-strings -Wformat-security -Wlogical-op -Wenum-conversion -Wdouble-promotion -Wno-psabi -Wno-variadic-macros -Wno-long-long -fno-check-new -fno-common -fstrict-aliasing -Werror   -Qunused-arguments -o CMakeFiles/cmTC_374ad.dir/src.cxx.o -c /mnt/c/projects/eigen/build/CMakeFiles/CMakeTmp/src.cxx
c++: error: unrecognized command-line option '-Qunused-arguments'
gmake[1]: *** [CMakeFiles/cmTC_374ad.dir/build.make:78: CMakeFiles/cmTC_374ad.dir/src.cxx.o] Error 1
gmake[1]: Leaving directory '/mnt/c/projects/eigen/build/CMakeFiles/CMakeTmp'
gmake: *** [Makefile:127: cmTC_374ad/fast] Error 2


Source file was:
int main() { return 0; }
Compiling the Fortran compiler identification source file "CMakeFortranCompilerId.F" failed.
Compiler: CMAKE_Fortran_COMPILER-NOTFOUND 
Build flags: 
Id flags: -v 

The output was:
No such file or directory


Compiling the Fortran compiler identification source file "CMakeFortranCompilerId.F" failed.
Compiler: CMAKE_Fortran_COMPILER-NOTFOUND 
Build flags: 
Id flags:  

The output was:
No such file or directory


Compiling the Fortran compiler identification source file "CMakeFortranCompilerId.F" failed.
Compiler: CMAKE_Fortran_COMPILER-NOTFOUND 
Build flags: 
Id flags: -c 

The output was:
No such file or directory


Compiling the Fortran compiler identification source file "CMakeFortranCompilerId.F" failed.
Compiler: CMAKE_Fortran_COMPILER-NOTFOUND 
Build flags: 
Id flags: -fpp 

The output was:
No such file or directory


Compiling the Fortran compiler identification source file "CMakeFortranCompilerId.F" failed.
Compiler: CMAKE_Fortran_COMPILER-NOTFOUND 
Build flags: 
Id flags: -v 

The output was:
No such file or directory


Compiling the Fortran compiler identification source file "CMakeFortranCompilerId.F" failed.
Compiler: CMAKE_Fortran_COMPILER-NOTFOUND 
Build flags: 
Id flags:  

The output was:
No such file or directory


Compiling the Fortran compiler identification source file "CMakeFortranCompilerId.F" failed.
Compiler: CMAKE_Fortran_COMPILER-NOTFOUND 
Build flags: 
Id flags: -c 

The output was:
No such file or directory


Compiling the Fortran compiler identification source file "CMakeFortranCompilerId.F" failed.
Compiler: CMAKE_Fortran_COMPILER-NOTFOUND 
Build flags: 
Id flags: -fpp 

The output was:
No such file or directory


